0 verbose cli [
0 verbose cli   'C:\\Program Files\\nodejs\\node.exe',
0 verbose cli   'C:\\Users\\nupa_\\AppData\\Roaming\\npm\\node_modules\\npm\\bin\\npm-cli.js',
0 verbose cli   'i'
0 verbose cli ]
1 info using npm@8.3.0
2 info using node@v14.17.6
3 timing npm:load:whichnode Completed in 0ms
4 timing config:load:defaults Completed in 1ms
5 timing config:load:file:C:\Users\nupa_\AppData\Roaming\npm\node_modules\npm\npmrc Completed in 3ms
6 timing config:load:builtin Completed in 3ms
7 timing config:load:cli Completed in 1ms
8 timing config:load:env Completed in 0ms
9 timing config:load:file:C:\WebDev_Batch04\Assignments\Team_Project\e-commerse-server-side\.npmrc Completed in 0ms
10 timing config:load:project Completed in 2ms
11 timing config:load:file:C:\Users\nupa_\.npmrc Completed in 1ms
12 timing config:load:user Completed in 1ms
13 timing config:load:file:C:\Users\nupa_\AppData\Roaming\npm\etc\npmrc Completed in 0ms
14 timing config:load:global Completed in 0ms
15 timing config:load:validate Completed in 1ms
16 timing config:load:credentials Completed in 0ms
17 timing config:load:setEnvs Completed in 1ms
18 timing config:load Completed in 10ms
19 timing npm:load:configload Completed in 10ms
20 timing npm:load:setTitle Completed in 0ms
21 timing config:load:flatten Completed in 2ms
22 timing npm:load:display Completed in 3ms
23 verbose logfile C:\WebDev_Batch04\Assignments\Team_Project\e-commerse-server-side\tmpnodejsnpm-cache\_logs\2022-01-10T07_02_48_608Z-debug-0.log
24 timing npm:load:logFile Completed in 6ms
25 timing npm:load:timers Completed in 0ms
26 timing npm:load:configScope Completed in 0ms
27 timing npm:load Completed in 21ms
28 timing arborist:ctor Completed in 1ms
29 timing idealTree:init Completed in 60ms
30 warn old lockfile
30 warn old lockfile The package-lock.json file was created with an old version of npm,
30 warn old lockfile so supplemental metadata must be fetched from the registry.
30 warn old lockfile
30 warn old lockfile This is a one-time fix-up, please be patient...
30 warn old lockfile
31 silly inflate node_modules/@types/node
32 silly inflate node_modules/@types/webidl-conversions
33 silly inflate node_modules/@types/whatwg-url
34 silly inflate node_modules/accepts
35 silly inflate node_modules/array-flatten
36 silly inflate node_modules/base64-js
37 silly inflate node_modules/body-parser
38 silly inflate node_modules/bson
39 silly inflate node_modules/buffer
40 silly inflate node_modules/bytes
41 silly inflate node_modules/content-disposition
42 silly inflate node_modules/content-type
43 http fetch GET 200 https://registry.npmjs.org/base64-js 166ms (cache miss)
44 silly inflate node_modules/cookie
45 http fetch GET 200 https://registry.npmjs.org/@types%2fwebidl-conversions 172ms (cache miss)
46 silly inflate node_modules/cookie-signature
47 http fetch GET 200 https://registry.npmjs.org/array-flatten 173ms (cache miss)
48 silly inflate node_modules/cors
49 http fetch GET 200 https://registry.npmjs.org/content-disposition 173ms (cache miss)
50 silly inflate node_modules/debug
51 http fetch GET 200 https://registry.npmjs.org/buffer 176ms (cache miss)
52 silly inflate node_modules/denque
53 http fetch GET 200 https://registry.npmjs.org/bytes 178ms (cache miss)
54 silly inflate node_modules/depd
55 http fetch GET 200 https://registry.npmjs.org/content-type 179ms (cache miss)
56 silly inflate node_modules/destroy
57 http fetch GET 200 https://registry.npmjs.org/body-parser 183ms (cache miss)
58 silly inflate node_modules/dotenv
59 http fetch GET 200 https://registry.npmjs.org/@types%2fwhatwg-url 187ms (cache miss)
60 silly inflate node_modules/ee-first
61 http fetch GET 200 https://registry.npmjs.org/accepts 188ms (cache miss)
62 silly inflate node_modules/encodeurl
63 http fetch GET 200 https://registry.npmjs.org/bson 191ms (cache miss)
64 silly inflate node_modules/escape-html
65 http fetch GET 200 https://registry.npmjs.org/cookie 42ms (cache miss)
66 silly inflate node_modules/etag
67 http fetch GET 200 https://registry.npmjs.org/cookie-signature 80ms (cache miss)
68 silly inflate node_modules/express
69 http fetch GET 200 https://registry.npmjs.org/ee-first 78ms (cache miss)
70 silly inflate node_modules/finalhandler
71 http fetch GET 200 https://registry.npmjs.org/encodeurl 96ms (cache miss)
72 silly inflate node_modules/forwarded
73 http fetch GET 200 https://registry.npmjs.org/cors 112ms (cache miss)
74 silly inflate node_modules/fresh
75 http fetch GET 200 https://registry.npmjs.org/denque 109ms (cache miss)
76 silly inflate node_modules/http-errors
77 http fetch GET 200 https://registry.npmjs.org/@types%2fnode 294ms (cache miss)
78 silly inflate node_modules/iconv-lite
79 http fetch GET 200 https://registry.npmjs.org/dotenv 116ms (cache miss)
80 silly inflate node_modules/ieee754
81 http fetch GET 200 https://registry.npmjs.org/debug 127ms (cache miss)
82 silly inflate node_modules/inherits
83 http fetch GET 200 https://registry.npmjs.org/depd 123ms (cache miss)
84 silly inflate node_modules/ipaddr.js
85 http fetch GET 200 https://registry.npmjs.org/escape-html 113ms (cache miss)
86 silly inflate node_modules/media-typer
87 http fetch GET 200 https://registry.npmjs.org/etag 100ms (cache miss)
88 silly inflate node_modules/memory-pager
89 http fetch GET 200 https://registry.npmjs.org/destroy 134ms (cache miss)
90 silly inflate node_modules/merge-descriptors
91 http fetch GET 200 https://registry.npmjs.org/express 67ms (cache miss)
92 silly inflate node_modules/methods
93 http fetch GET 200 https://registry.npmjs.org/forwarded 105ms (cache miss)
94 silly inflate node_modules/mime
95 http fetch GET 200 https://registry.npmjs.org/fresh 106ms (cache miss)
96 silly inflate node_modules/mime-db
97 http fetch GET 200 https://registry.npmjs.org/finalhandler 127ms (cache miss)
98 silly inflate node_modules/mime-types
99 http fetch GET 200 https://registry.npmjs.org/iconv-lite 101ms (cache miss)
100 silly inflate node_modules/mongodb
101 http fetch GET 200 https://registry.npmjs.org/inherits 95ms (cache miss)
102 silly inflate node_modules/mongodb-connection-string-url
103 http fetch GET 200 https://registry.npmjs.org/ieee754 99ms (cache miss)
104 silly inflate node_modules/ms
105 http fetch GET 200 https://registry.npmjs.org/ipaddr.js 98ms (cache miss)
106 silly inflate node_modules/negotiator
107 http fetch GET 200 https://registry.npmjs.org/http-errors 118ms (cache miss)
108 silly inflate node_modules/object-assign
109 http fetch GET 200 https://registry.npmjs.org/media-typer 102ms (cache miss)
110 silly inflate node_modules/on-finished
111 http fetch GET 200 https://registry.npmjs.org/memory-pager 100ms (cache miss)
112 silly inflate node_modules/parseurl
113 http fetch GET 200 https://registry.npmjs.org/merge-descriptors 98ms (cache miss)
114 silly inflate node_modules/path-to-regexp
115 http fetch GET 200 https://registry.npmjs.org/methods 90ms (cache miss)
116 silly inflate node_modules/proxy-addr
117 http fetch GET 200 https://registry.npmjs.org/mime 37ms (cache miss)
118 silly inflate node_modules/punycode
119 http fetch GET 200 https://registry.npmjs.org/mime-db 49ms (cache miss)
120 silly inflate node_modules/qs
121 http fetch GET 200 https://registry.npmjs.org/ms 50ms (cache miss)
122 silly inflate node_modules/range-parser
123 http fetch GET 200 https://registry.npmjs.org/negotiator 50ms (cache miss)
124 silly inflate node_modules/raw-body
125 http fetch GET 200 https://registry.npmjs.org/mime-types 60ms (cache miss)
126 silly inflate node_modules/safe-buffer
127 http fetch GET 200 https://registry.npmjs.org/path-to-regexp 54ms (cache miss)
128 silly inflate node_modules/safer-buffer
129 http fetch GET 200 https://registry.npmjs.org/object-assign 74ms (cache miss)
130 silly inflate node_modules/saslprep
131 http fetch GET 200 https://registry.npmjs.org/on-finished 74ms (cache miss)
132 silly inflate node_modules/send
133 http fetch GET 200 https://registry.npmjs.org/parseurl 76ms (cache miss)
134 silly inflate node_modules/send/node_modules/ms
135 silly inflate node_modules/serve-static
136 http fetch GET 200 https://registry.npmjs.org/punycode 61ms (cache miss)
137 silly inflate node_modules/setprototypeof
138 http fetch GET 200 https://registry.npmjs.org/proxy-addr 74ms (cache miss)
139 silly inflate node_modules/sparse-bitfield
140 http fetch GET 200 https://registry.npmjs.org/qs 55ms (cache miss)
141 silly inflate node_modules/statuses
142 http fetch GET 200 https://registry.npmjs.org/mongodb 104ms (cache miss)
143 silly inflate node_modules/stripe
144 http fetch GET 200 https://registry.npmjs.org/safe-buffer 49ms (cache miss)
145 silly inflate node_modules/toidentifier
146 http fetch GET 200 https://registry.npmjs.org/range-parser 56ms (cache miss)
147 silly inflate node_modules/tr46
148 http fetch GET 200 https://registry.npmjs.org/safer-buffer 48ms (cache miss)
149 silly inflate node_modules/type-is
150 http fetch GET 200 https://registry.npmjs.org/saslprep 43ms (cache miss)
151 silly inflate node_modules/unpipe
152 http fetch GET 200 https://registry.npmjs.org/setprototypeof 41ms (cache miss)
153 silly inflate node_modules/utils-merge
154 http fetch GET 200 https://registry.npmjs.org/send 54ms (cache miss)
155 silly inflate node_modules/vary
156 http fetch GET 200 https://registry.npmjs.org/sparse-bitfield 49ms (cache miss)
157 silly inflate node_modules/webidl-conversions
158 http fetch GET 200 https://registry.npmjs.org/statuses 57ms (cache miss)
159 silly inflate node_modules/whatwg-url
160 http fetch GET 200 https://registry.npmjs.org/serve-static 69ms (cache miss)
161 http fetch GET 200 https://registry.npmjs.org/toidentifier 55ms (cache miss)
162 http fetch GET 200 https://registry.npmjs.org/tr46 54ms (cache miss)
163 http fetch GET 200 https://registry.npmjs.org/type-is 44ms (cache miss)
164 http fetch GET 200 https://registry.npmjs.org/utils-merge 42ms (cache miss)
165 http fetch GET 200 https://registry.npmjs.org/vary 41ms (cache miss)
166 http fetch GET 200 https://registry.npmjs.org/stripe 84ms (cache miss)
167 http fetch GET 200 https://registry.npmjs.org/webidl-conversions 51ms (cache miss)
168 http fetch GET 200 https://registry.npmjs.org/whatwg-url 41ms (cache miss)
169 http fetch GET 200 https://registry.npmjs.org/mongodb-connection-string-url 345ms (cache miss)
170 http fetch GET 200 https://registry.npmjs.org/raw-body 346ms (cache miss)
171 http fetch GET 200 https://registry.npmjs.org/unpipe 326ms (cache miss)
172 timing idealTree:inflate Completed in 864ms
173 timing idealTree:userRequests Completed in 0ms
174 silly idealTree buildDeps
175 timing idealTree:#root Completed in 0ms
176 timing idealTree:buildDeps Completed in 1ms
177 timing idealTree:fixDepFlags Completed in 0ms
178 timing idealTree Completed in 928ms
179 timing reify:loadTrees Completed in 928ms
180 timing reify:diffTrees Completed in 2ms
181 silly reify moves {}
182 timing reify:retireShallow Completed in 0ms
183 timing reify:createSparse Completed in 0ms
184 timing reify:loadBundles Completed in 0ms
185 silly audit bulk request {
185 silly audit   '@types/node': [ '17.0.6' ],
185 silly audit   '@types/webidl-conversions': [ '6.1.1' ],
185 silly audit   '@types/whatwg-url': [ '8.2.1' ],
185 silly audit   accepts: [ '1.3.7' ],
185 silly audit   'array-flatten': [ '1.1.1' ],
185 silly audit   'base64-js': [ '1.5.1' ],
185 silly audit   'body-parser': [ '1.19.1' ],
185 silly audit   bson: [ '4.6.0' ],
185 silly audit   buffer: [ '5.7.1' ],
185 silly audit   bytes: [ '3.1.1' ],
185 silly audit   'content-disposition': [ '0.5.4' ],
185 silly audit   'content-type': [ '1.0.4' ],
185 silly audit   cookie: [ '0.4.1' ],
185 silly audit   'cookie-signature': [ '1.0.6' ],
185 silly audit   cors: [ '2.8.5' ],
185 silly audit   debug: [ '2.6.9' ],
185 silly audit   denque: [ '2.0.1' ],
185 silly audit   depd: [ '1.1.2' ],
185 silly audit   destroy: [ '1.0.4' ],
185 silly audit   dotenv: [ '10.0.0' ],
185 silly audit   'ee-first': [ '1.1.1' ],
185 silly audit   encodeurl: [ '1.0.2' ],
185 silly audit   'escape-html': [ '1.0.3' ],
185 silly audit   etag: [ '1.8.1' ],
185 silly audit   express: [ '4.17.2' ],
185 silly audit   finalhandler: [ '1.1.2' ],
185 silly audit   forwarded: [ '0.2.0' ],
185 silly audit   fresh: [ '0.5.2' ],
185 silly audit   'http-errors': [ '1.8.1' ],
185 silly audit   'iconv-lite': [ '0.4.24' ],
185 silly audit   ieee754: [ '1.2.1' ],
185 silly audit   inherits: [ '2.0.4' ],
185 silly audit   'ipaddr.js': [ '1.9.1' ],
185 silly audit   'media-typer': [ '0.3.0' ],
185 silly audit   'memory-pager': [ '1.5.0' ],
185 silly audit   'merge-descriptors': [ '1.0.1' ],
185 silly audit   methods: [ '1.1.2' ],
185 silly audit   mime: [ '1.6.0' ],
185 silly audit   'mime-db': [ '1.51.0' ],
185 silly audit   'mime-types': [ '2.1.34' ],
185 silly audit   mongodb: [ '4.2.2' ],
185 silly audit   'mongodb-connection-string-url': [ '2.4.1' ],
185 silly audit   ms: [ '2.0.0', '2.1.3' ],
185 silly audit   negotiator: [ '0.6.2' ],
185 silly audit   'object-assign': [ '4.1.1' ],
185 silly audit   'on-finished': [ '2.3.0' ],
185 silly audit   parseurl: [ '1.3.3' ],
185 silly audit   'path-to-regexp': [ '0.1.7' ],
185 silly audit   'proxy-addr': [ '2.0.7' ],
185 silly audit   punycode: [ '2.1.1' ],
185 silly audit   qs: [ '6.9.6' ],
185 silly audit   'range-parser': [ '1.2.1' ],
185 silly audit   'raw-body': [ '2.4.2' ],
185 silly audit   'safe-buffer': [ '5.2.1' ],
185 silly audit   'safer-buffer': [ '2.1.2' ],
185 silly audit   saslprep: [ '1.0.3' ],
185 silly audit   send: [ '0.17.2' ],
185 silly audit   'serve-static': [ '1.14.2' ],
185 silly audit   setprototypeof: [ '1.2.0' ],
185 silly audit   'sparse-bitfield': [ '3.0.3' ],
185 silly audit   statuses: [ '1.5.0' ],
185 silly audit   stripe: [ '8.195.0' ],
185 silly audit   toidentifier: [ '1.0.1' ],
185 silly audit   tr46: [ '3.0.0' ],
185 silly audit   'type-is': [ '1.6.18' ],
185 silly audit   unpipe: [ '1.0.0' ],
185 silly audit   'utils-merge': [ '1.0.1' ],
185 silly audit   vary: [ '1.1.2' ],
185 silly audit   'webidl-conversions': [ '7.0.0' ],
185 silly audit   'whatwg-url': [ '11.0.0' ]
185 silly audit }
186 timing reify:unpack Completed in 0ms
187 timing reify:unretire Completed in 0ms
188 timing build:queue Completed in 0ms
189 timing build:deps Completed in 1ms
190 timing build Completed in 1ms
191 timing reify:build Completed in 1ms
192 timing reify:trash Completed in 0ms
193 timing reify:save Completed in 16ms
194 http fetch POST 200 https://registry.npmjs.org/-/npm/v1/security/advisories/bulk 371ms
195 timing auditReport:getReport Completed in 373ms
196 silly audit report {}
197 timing auditReport:init Completed in 0ms
198 timing reify:audit Completed in 373ms
199 timing reify Completed in 1336ms
200 timing command:i Completed in 1342ms
201 verbose exit 0
202 timing npm Completed in 1586ms
203 info ok
